{"ts":"2026-02-14T07:34:41.032Z","category":"auth","event":"admin-login-success","email":"admin@mekarsawit","userId":"00000000-0000-0000-0000-000000000001"}
{"ts":"2026-02-14T07:34:41.614Z","category":"auth","event":"admin-auth-ok","session":"00000000-0000-0000-0000-000000000001"}
{"ts":"2026-02-14T07:34:46.309Z","category":"auth","event":"admin-auth-ok","session":"00000000-0000-0000-0000-000000000001"}
{"ts":"2026-02-14T07:34:46.884Z","category":"auth","event":"admin-auth-ok","session":"00000000-0000-0000-0000-000000000001"}
{"ts":"2026-02-14T07:34:47.234Z","category":"auth","event":"admin-auth-ok","session":"00000000-0000-0000-0000-000000000001"}
{"ts":"2026-02-14T07:34:50.383Z","category":"auth","event":"admin-auth-ok","session":"00000000-0000-0000-0000-000000000001"}
{"ts":"2026-02-14T07:35:16.473Z","category":"auth","event":"admin-login-success","email":"admin@mekarsawit","userId":"00000000-0000-0000-0000-000000000001"}
{"ts":"2026-02-14T07:35:17.113Z","category":"auth","event":"admin-auth-ok","session":"00000000-0000-0000-0000-000000000001"}
{"ts":"2026-02-14T07:35:21.142Z","category":"auth","event":"admin-auth-miss","admin_token":false,"admin_session":false}
{"ts":"2026-02-14T07:41:33.261Z","category":"auth","event":"admin-login-success","email":"admin@mekarsawit","userId":"00000000-0000-0000-0000-000000000001"}
{"ts":"2026-02-14T07:41:34.069Z","category":"auth","event":"admin-auth-ok","session":"00000000-0000-0000-0000-000000000001"}
{"ts":"2026-02-14T07:41:37.658Z","category":"auth","event":"admin-auth-miss","admin_token":false,"admin_session":false}
{"ts":"2026-02-14T07:41:59.213Z","category":"auth","event":"admin-login-success","email":"admin@mekarsawit","userId":"00000000-0000-0000-0000-000000000001"}
{"ts":"2026-02-14T07:41:59.827Z","category":"auth","event":"admin-auth-ok","session":"00000000-0000-0000-0000-000000000001"}
{"ts":"2026-02-14T07:42:03.078Z","category":"auth","event":"admin-auth-miss","admin_token":false,"admin_session":false}
{"ts":"2026-02-14T07:42:23.620Z","category":"auth","event":"admin-auth-miss","admin_token":false,"admin_session":false}
{"ts":"2026-02-14T07:42:23.621Z","category":"auth","event":"village-codes-unauthorized"}
{"ts":"2026-02-14T07:42:35.137Z","category":"auth","event":"admin-auth-miss","admin_token":false,"admin_session":false}
{"ts":"2026-02-14T07:42:35.138Z","category":"auth","event":"village-codes-unauthorized"}
{"ts":"2026-02-14T07:43:07.873Z","category":"auth","event":"admin-login-success","email":"admin@mekarsawit","userId":"00000000-0000-0000-0000-000000000001"}
{"ts":"2026-02-14T07:43:08.452Z","category":"auth","event":"admin-auth-ok","session":"00000000-0000-0000-0000-000000000001"}
{"ts":"2026-02-14T07:43:12.631Z","category":"auth","event":"admin-auth-miss","admin_token":false,"admin_session":false}
{"ts":"2026-02-14T07:43:12.632Z","category":"auth","event":"village-codes-unauthorized"}
{"ts":"2026-02-14T07:43:13.643Z","category":"auth","event":"admin-auth-miss","admin_token":false,"admin_session":false}
{"ts":"2026-02-14T07:43:13.644Z","category":"auth","event":"village-codes-unauthorized"}
{"ts":"2026-02-14T07:43:14.112Z","category":"auth","event":"admin-auth-miss","admin_token":false,"admin_session":false}
{"ts":"2026-02-14T07:43:14.113Z","category":"auth","event":"village-codes-unauthorized"}
{"ts":"2026-02-14T07:43:14.428Z","category":"auth","event":"admin-auth-miss","admin_token":false,"admin_session":false}
{"ts":"2026-02-14T07:43:14.430Z","category":"auth","event":"village-codes-unauthorized"}
{"ts":"2026-02-14T07:43:14.616Z","category":"auth","event":"admin-auth-miss","admin_token":false,"admin_session":false}
{"ts":"2026-02-14T07:43:14.618Z","category":"auth","event":"village-codes-unauthorized"}
{"ts":"2026-02-14T07:46:19.392Z","category":"auth","event":"admin-login-success","email":"admin@mekarsawit","userId":"00000000-0000-0000-0000-000000000001"}
{"ts":"2026-02-14T07:46:25.020Z","category":"auth","event":"admin-login-success","email":"admin@mekarsawit","userId":"00000000-0000-0000-0000-000000000001"}
{"ts":"2026-02-14T07:46:25.155Z","category":"auth","event":"admin-auth-ok","session":"00000000-0000-0000-0000-000000000001"}
{"ts":"2026-02-14T07:49:44.265Z","category":"auth","event":"admin-login-success","email":"admin@mekarsawit","userId":"00000000-0000-0000-0000-000000000001"}
{"ts":"2026-02-14T07:49:45.165Z","category":"auth","event":"admin-auth-ok","session":"00000000-0000-0000-0000-000000000001"}
{"ts":"2026-02-14T07:49:49.208Z","category":"auth","event":"admin-auth-ok","session":"00000000-0000-0000-0000-000000000001"}
{"ts":"2026-02-14T07:49:49.664Z","category":"auth","event":"admin-auth-ok","session":"00000000-0000-0000-0000-000000000001"}
{"ts":"2026-02-14T07:50:17.396Z","category":"auth","event":"admin-auth-ok","session":"00000000-0000-0000-0000-000000000001"}
{"ts":"2026-02-14T07:50:18.905Z","category":"auth","event":"admin-auth-ok","session":"00000000-0000-0000-0000-000000000001"}
{"ts":"2026-02-14T07:50:20.625Z","category":"auth","event":"admin-auth-ok","session":"00000000-0000-0000-0000-000000000001"}
{"ts":"2026-02-14T07:50:21.737Z","category":"auth","event":"admin-auth-ok","session":"00000000-0000-0000-0000-000000000001"}
{"ts":"2026-02-14T07:50:28.025Z","category":"auth","event":"admin-auth-ok","session":"00000000-0000-0000-0000-000000000001"}
{"ts":"2026-02-14T14:12:53.684Z","category":"auth","event":"umkm-auth-ok","session":"f70cb8b1-1ba5-43b8-aca8-6579c43e82f6"}
{"ts":"2026-02-14T14:51:14.398Z","category":"auth","event":"umkm-auth-miss","umkm_session":false}
{"ts":"2026-02-14T14:51:24.312Z","category":"auth","event":"umkm-login-success","phone":"+6285186836565","userId":"f70cb8b1-1ba5-43b8-aca8-6579c43e82f6"}
{"ts":"2026-02-14T14:51:34.811Z","category":"auth","event":"umkm-auth-miss","umkm_session":false}
{"ts":"2026-02-14T14:51:37.337Z","category":"auth","event":"admin-auth-miss","admin_token":false,"admin_session":false}
{"ts":"2026-02-14T14:51:53.662Z","category":"auth","event":"admin-login-success","email":"admin@mekarsawit","userId":"00000000-0000-0000-0000-000000000001"}
{"ts":"2026-02-14T15:05:37.128Z","category":"auth","event":"umkm-auth-miss","umkm_session":false}
{"ts":"2026-02-14T15:05:47.445Z","category":"auth","event":"umkm-login-user-not-found","phone":"+"}
{"ts":"2026-02-14T15:05:52.371Z","category":"auth","event":"admin-auth-miss","admin_token":false,"admin_session":false}
{"ts":"2026-02-14T15:05:57.119Z","category":"auth","event":"admin-login-success","email":"admin@mekarsawit","userId":"00000000-0000-0000-0000-000000000001"}
{"ts":"2026-02-14T15:35:25.235Z","category":"product","event":"create-success","productId":"13f46467-3a25-4b7d-9f79-7a7ad48a0a28","businessId":"3022fcfc-18e2-4623-9e30-9ecefdb22c85","userId":"f70cb8b1-1ba5-43b8-aca8-6579c43e82f6"}
{"ts":"2026-02-14T15:36:00.938Z","category":"auth","event":"umkm-auth-miss","umkm_session":false}
{"ts":"2026-02-14T15:36:11.647Z","category":"auth","event":"admin-auth-miss","admin_token":false,"admin_session":false}
{"ts":"2026-02-14T15:36:25.277Z","category":"auth","event":"admin-login-success","email":"admin@mekarsawit","userId":"00000000-0000-0000-0000-000000000001"}
